Build started 17/12/2015 6:40:28 PM.
     1>Project "E:\Programming\University\WaveyfyClient\WaveyfyClient\WaveyfyClient.vcxproj" on node 2 (Build target(s)).
     1>C:\Program Files\MSBuild\Microsoft.Cpp\v4.0\V140\Microsoft.CppBuild.targets(368,5): warning MSB8004: Output Directory does not end with a trailing slash.  This build instance will add the slash as it is required to allow proper evaluation of the Output Directory.
     1>ClCompile:
         C:\Program Files\Microsoft Visual Studio 14.0\VC\bin\CL.exe /c /Zi /nologo /W3 /WX- /sdl /O2 /Oi /Oy- /GL /D WIN32 /D WAVEYFYPLAYERDLL_EXPORTS /D NDEBUG /D _CONSOLE /D _WINDLL /D _UNICODE /D UNICODE /Gm- /EHsc /MD /GS /Gy /fp:precise /Zc:wchar_t /Zc:forScope /Zc:inline /Yu"stdafx.h" /Fp"Release\WaveyfyClient.pch" /Fo"Release\\" /Fd"Release\vc140.pdb" /Gd /TP /analyze- /errorReport:prompt WaveyfyPlayer.cpp
         WaveyfyPlayer.cpp
     1>WaveyfyPlayer.cpp(547): warning C4018: '>=': signed/unsigned mismatch
     1>WaveyfyPlayer.cpp(666): warning C4244: '=': conversion from 'float' to 'int', possible loss of data
     1>WaveyfyPlayer.cpp(677): warning C4244: 'argument': conversion from 'float' to 'LONG', possible loss of data
       Link:
         C:\Program Files\Microsoft Visual Studio 14.0\VC\bin\link.exe /ERRORREPORT:PROMPT /OUT:"..\WaveyfyFormsApp\bin\Release\WaveyfyClient.dll" /INCREMENTAL:NO /NOLOGO kernel32.lib user32.lib gdi32.lib winspool.lib comdlg32.lib advapi32.lib shell32.lib ole32.lib oleaut32.lib uuid.lib odbc32.lib odbccp32.lib /MANIFEST /MANIFESTUAC:"level='asInvoker' uiAccess='false'" /manifest:embed /Debug /PDB:"..\WaveyfyFormsApp\bin\Release\WaveyfyClient.pdb" /SUBSYSTEM:CONSOLE /OPT:REF /OPT:ICF /LTCG:incremental /TLBID:1 /DYNAMICBASE /NXCOMPAT /IMPLIB:"..\WaveyfyFormsApp\bin\Release\WaveyfyClient.lib" /MACHINE:X86 /SAFESEH /DLL Release\dllmain.obj
         Release\stdafx.obj
         Release\WaveyfyClient.obj
         Release\WaveyfyPlayer.obj
         Release\WaveyfyPlayerExternalInterface.obj
            Creating library ..\WaveyfyFormsApp\bin\Release\WaveyfyClient.lib and object ..\WaveyfyFormsApp\bin\Release\WaveyfyClient.exp
         Generating code
         13 of 264 functions ( 4.9%) were compiled, the rest were copied from previous compilation.
           0 functions were new in current compilation
           11 functions had inline decision re-evaluated but remain unchanged
         Finished generating code
         WaveyfyClient.vcxproj -> E:\Programming\University\WaveyfyClient\WaveyfyClient\..\WaveyfyFormsApp\bin\Release\WaveyfyClient.dll
     1>Done Building Project "E:\Programming\University\WaveyfyClient\WaveyfyClient\WaveyfyClient.vcxproj" (Build target(s)).

Build succeeded.

Time Elapsed 00:00:11.96
