e:\programming\university\waveyfyclient\waveyfyclient\release\waveyfyclient.pch
e:\programming\university\waveyfyclient\waveyfyclient\release\vc140.pdb
e:\programming\university\waveyfyclient\waveyfyclient\release\stdafx.obj
e:\programming\university\waveyfyclient\waveyfyclient\release\waveyfyplayerexternalinterface.obj
e:\programming\university\waveyfyclient\waveyfyclient\release\waveyfyplayer.obj
e:\programming\university\waveyfyclient\waveyfyclient\release\waveyfyclient.obj
e:\programming\university\waveyfyclient\waveyfyclient\release\dllmain.obj
e:\programming\university\waveyfyclient\waveyfyclient\release\waveyfyclient.exe
e:\programming\university\waveyfyclient\waveyfyclient\release\waveyfyclient.ipdb
e:\programming\university\waveyfyclient\waveyfyclient\release\waveyfyclient.iobj
e:\programming\university\waveyfyclient\waveyfyclient\release\waveyfyclient.pdb
e:\programming\university\waveyfyclient\waveyfyformsapp\bin\release\waveyfyclient.exe
e:\programming\university\waveyfyclient\waveyfyformsapp\bin\release\waveyfyclient.ipdb
e:\programming\university\waveyfyclient\waveyfyformsapp\bin\release\waveyfyclient.iobj
e:\programming\university\waveyfyclient\waveyfyformsapp\bin\release\waveyfyclient.pdb
e:\programming\university\waveyfyclient\waveyfyclient\release\waveyfyclient.lib
e:\programming\university\waveyfyclient\waveyfyclient\release\waveyfyclient.exp
e:\programming\university\waveyfyclient\waveyfyformsapp\bin\release\waveyfyclient.lib
e:\programming\university\waveyfyclient\waveyfyformsapp\bin\release\waveyfyclient.exp
e:\programming\university\waveyfyclient\waveyfyclient\..\waveyfyformsapp\bin\release\waveyfyclient.exe
e:\programming\university\waveyfyclient\waveyfyclient\release\waveyfyclient.tlog\cl.command.1.tlog
e:\programming\university\waveyfyclient\waveyfyclient\release\waveyfyclient.tlog\cl.read.1.tlog
e:\programming\university\waveyfyclient\waveyfyclient\release\waveyfyclient.tlog\cl.write.1.tlog
e:\programming\university\waveyfyclient\waveyfyclient\release\waveyfyclient.tlog\link.command.1.tlog
e:\programming\university\waveyfyclient\waveyfyclient\release\waveyfyclient.tlog\link.read.1.tlog
e:\programming\university\waveyfyclient\waveyfyclient\release\waveyfyclient.tlog\link.write.1.tlog
e:\programming\university\waveyfyclient\waveyfyclient\release\waveyfyclient.tlog\waveyfyclient.write.1u.tlog
