Build started 17/12/2015 6:39:10 PM.
     1>Project "E:\Programming\University\WaveyfyServer\WaveyfyServer\WaveyfyServer.vcxproj" on node 2 (Build target(s)).
     1>ClCompile:
         C:\Program Files\Microsoft Visual Studio 14.0\VC\bin\CL.exe /c /Zi /nologo /W3 /WX- /sdl /O2 /Oi /Oy- /GL /D WIN32 /D NDEBUG /D _CONSOLE /D _UNICODE /D UNICODE /Gm- /EHsc /MD /GS /Gy /fp:precise /Zc:wchar_t /Zc:forScope /Zc:inline /Yu"stdafx.h" /Fp"Release\WaveyfyServer.pch" /Fo"Release\\" /Fd"Release\vc140.pdb" /Gd /TP /analyze- /errorReport:prompt Client.cpp Server.cpp
         Client.cpp
     1>Client.cpp(64): warning C4018: '>=': signed/unsigned mismatch
     1>Client.cpp(132): warning C4018: '<': signed/unsigned mismatch
     1>Client.cpp(194): warning C4018: '>=': signed/unsigned mismatch
     1>Client.cpp(202): warning C4018: '<': signed/unsigned mismatch
     1>Client.cpp(211): warning C4018: '<': signed/unsigned mismatch
         Server.cpp
     1>Server.cpp(79): warning C4018: '<': signed/unsigned mismatch
     1>Server.cpp(29): warning C4101: 'recvbuf': unreferenced local variable
     1>Server.cpp(25): warning C4101: 'iResult': unreferenced local variable
     1>Server.cpp(28): warning C4101: 'iSendResult': unreferenced local variable
       Link:
         C:\Program Files\Microsoft Visual Studio 14.0\VC\bin\link.exe /ERRORREPORT:PROMPT /OUT:"E:\Programming\University\WaveyfyServer\Release\WaveyfyServer.exe" /INCREMENTAL:NO /NOLOGO kernel32.lib user32.lib gdi32.lib winspool.lib comdlg32.lib advapi32.lib shell32.lib ole32.lib oleaut32.lib uuid.lib odbc32.lib odbccp32.lib /MANIFEST /MANIFESTUAC:"level='asInvoker' uiAccess='false'" /manifest:embed /Debug /PDB:"E:\Programming\University\WaveyfyServer\Release\WaveyfyServer.pdb" /SUBSYSTEM:CONSOLE /OPT:REF /OPT:ICF /LTCG:incremental /TLBID:1 /DYNAMICBASE /NXCOMPAT /IMPLIB:"E:\Programming\University\WaveyfyServer\Release\WaveyfyServer.lib" /MACHINE:X86 /SAFESEH Release\AudioController.obj
         Release\Client.obj
         Release\Server.obj
         Release\stdafx.obj
         Release\WaveyfyServer.obj
         Generating code
         13 of 653 functions ( 2.0%) were compiled, the rest were copied from previous compilation.
           0 functions were new in current compilation
           15 functions had inline decision re-evaluated but remain unchanged
         Finished generating code
         WaveyfyServer.vcxproj -> E:\Programming\University\WaveyfyServer\Release\WaveyfyServer.exe
     1>Done Building Project "E:\Programming\University\WaveyfyServer\WaveyfyServer\WaveyfyServer.vcxproj" (Build target(s)).

Build succeeded.

Time Elapsed 00:00:32.41
