Build started 16/12/2015 3:25:54 PM.
     1>Project "E:\Programming\University\WaveyfyServer\WaveyfyServer\WaveyfyServer.vcxproj" on node 2 (Build target(s)).
     1>ClCompile:
         C:\Program Files\Microsoft Visual Studio 14.0\VC\bin\CL.exe /c /ZI /nologo /W3 /WX- /sdl /Od /Oy- /D WIN32 /D _DEBUG /D _CONSOLE /D _UNICODE /D UNICODE /Gm /EHsc /RTC1 /MDd /GS /fp:precise /Zc:wchar_t /Zc:forScope /Zc:inline /Yc"stdafx.h" /Fp"Debug\WaveyfyServer.pch" /Fo"Debug\\" /Fd"Debug\vc140.pdb" /Gd /TP /analyze- /errorReport:prompt stdafx.cpp
         stdafx.cpp
         C:\Program Files\Microsoft Visual Studio 14.0\VC\bin\CL.exe /c /ZI /nologo /W3 /WX- /sdl /Od /Oy- /D WIN32 /D _DEBUG /D _CONSOLE /D _UNICODE /D UNICODE /Gm /EHsc /RTC1 /MDd /GS /fp:precise /Zc:wchar_t /Zc:forScope /Zc:inline /Yu"stdafx.h" /Fp"Debug\WaveyfyServer.pch" /Fo"Debug\\" /Fd"Debug\vc140.pdb" /Gd /TP /analyze- /errorReport:prompt AudioController.cpp Client.cpp WaveyfyServer.cpp
         Client.cpp
     1>e:\programming\university\waveyfyserver\waveyfyserver\client.cpp(45): warning C4018: '>=': signed/unsigned mismatch
     1>e:\programming\university\waveyfyserver\waveyfyserver\client.cpp(85): warning C4018: '<': signed/unsigned mismatch
     1>e:\programming\university\waveyfyserver\waveyfyserver\client.cpp(103): warning C4018: '<': signed/unsigned mismatch
     1>e:\programming\university\waveyfyserver\waveyfyserver\client.cpp(148): warning C4018: '>=': signed/unsigned mismatch
     1>e:\programming\university\waveyfyserver\waveyfyserver\client.cpp(152): warning C4018: '<': signed/unsigned mismatch
     1>e:\programming\university\waveyfyserver\waveyfyserver\client.cpp(158): warning C4018: '<': signed/unsigned mismatch
         Generating Code...
         Skipping... (no relevant changes detected)
         WaveyfyServer.cpp
         AudioController.cpp
       Link:
         C:\Program Files\Microsoft Visual Studio 14.0\VC\bin\link.exe /ERRORREPORT:PROMPT /OUT:"E:\Programming\University\WaveyfyServer\Debug\WaveyfyServer.exe" /INCREMENTAL /NOLOGO kernel32.lib user32.lib gdi32.lib winspool.lib comdlg32.lib advapi32.lib shell32.lib ole32.lib oleaut32.lib uuid.lib odbc32.lib odbccp32.lib /MANIFEST /MANIFESTUAC:"level='asInvoker' uiAccess='false'" /manifest:embed /Debug /PDB:"E:\Programming\University\WaveyfyServer\Debug\WaveyfyServer.pdb" /SUBSYSTEM:CONSOLE /TLBID:1 /DYNAMICBASE /NXCOMPAT /IMPLIB:"E:\Programming\University\WaveyfyServer\Debug\WaveyfyServer.lib" /MACHINE:X86 Debug\AudioController.obj
         Debug\Client.obj
         Debug\stdafx.obj
         Debug\WaveyfyServer.obj
         WaveyfyServer.vcxproj -> E:\Programming\University\WaveyfyServer\Debug\WaveyfyServer.exe
     1>Done Building Project "E:\Programming\University\WaveyfyServer\WaveyfyServer\WaveyfyServer.vcxproj" (Build target(s)).

Build succeeded.

Time Elapsed 00:00:04.18
