Build started 17/12/2015 3:16:36 PM.
     1>Project "E:\Programming\University\WaveyfyClient\WaveyfyClient\WaveyfyClient.vcxproj" on node 2 (Build target(s)).
     1>C:\Program Files\MSBuild\Microsoft.Cpp\v4.0\V140\Microsoft.CppBuild.targets(368,5): warning MSB8004: Output Directory does not end with a trailing slash.  This build instance will add the slash as it is required to allow proper evaluation of the Output Directory.
     1>ClCompile:
         C:\Program Files\Microsoft Visual Studio 14.0\VC\bin\CL.exe /c /ZI /nologo /W3 /WX- /sdl /Od /Oy- /D WIN32 /D _DEBUG /D _WINDOWS /D _USRDLL /D WAVEYFYPLAYERDLL_EXPORTS /D _WINDLL /D _UNICODE /D UNICODE /Gm /EHsc /RTC1 /MDd /GS /fp:precise /Zc:wchar_t /Zc:forScope /Zc:inline /Yu"stdafx.h" /Fp"Debug\WaveyfyClient.pch" /Fo"Debug\\" /Fd"Debug\vc140.pdb" /Gd /TP /analyze- /errorReport:prompt WaveyfyClient.cpp WaveyfyPlayer.cpp WaveyfyPlayerExternalInterface.cpp
         WaveyfyPlayer.cpp
     1>e:\programming\university\waveyfyclient\waveyfyclient\waveyfyplayer.cpp(544): warning C4018: '>=': signed/unsigned mismatch
     1>e:\programming\university\waveyfyclient\waveyfyclient\waveyfyplayer.cpp(663): warning C4244: '=': conversion from 'float' to 'int', possible loss of data
     1>e:\programming\university\waveyfyclient\waveyfyclient\waveyfyplayer.cpp(674): warning C4244: 'argument': conversion from 'float' to 'LONG', possible loss of data
         WaveyfyClient.cpp
         Generating Code...
         Compiling...
         WaveyfyPlayerExternalInterface.cpp
         Generating Code...
       Link:
         C:\Program Files\Microsoft Visual Studio 14.0\VC\bin\link.exe /ERRORREPORT:PROMPT /OUT:"E:\Programming\University\WaveyfyClient\WaveyfyFormsApp\bin\Debug\WaveyfyClient.dll" /INCREMENTAL /NOLOGO kernel32.lib user32.lib gdi32.lib winspool.lib comdlg32.lib advapi32.lib shell32.lib ole32.lib oleaut32.lib uuid.lib odbc32.lib odbccp32.lib /MANIFEST /MANIFESTUAC:"level='asInvoker' uiAccess='false'" /manifest:embed /Debug /PDB:"E:\Programming\University\WaveyfyClient\WaveyfyFormsApp\bin\Debug\WaveyfyClient.pdb" /SUBSYSTEM:CONSOLE /TLBID:1 /DYNAMICBASE /NXCOMPAT /IMPLIB:"E:\Programming\University\WaveyfyClient\WaveyfyFormsApp\bin\Debug\WaveyfyClient.lib" /MACHINE:X86 /DLL Debug\dllmain.obj
         Debug\stdafx.obj
         Debug\WaveyfyClient.obj
         Debug\WaveyfyPlayer.obj
         Debug\WaveyfyPlayerExternalInterface.obj
         WaveyfyClient.vcxproj -> E:\Programming\University\WaveyfyClient\WaveyfyFormsApp\bin\Debug\WaveyfyClient.dll
     1>Done Building Project "E:\Programming\University\WaveyfyClient\WaveyfyClient\WaveyfyClient.vcxproj" (Build target(s)).

Build succeeded.

Time Elapsed 00:00:02.10
